This is pdfTeX, Version 3.14159265-2.6-1.40.19 (MiKTeX 2.9.6800 64-bit) (preloaded format=pdflatex 2018.9.10)  28 APR 2019 23:14
entering extended mode
**./report.tex
(report.tex
LaTeX2e <2018-04-01> patch level 5
(E:\MikTex\tex\latex\base\article.cls
Document Class: article 2014/09/29 v1.4h Standard LaTeX document class
(E:\MikTex\tex\latex\base\size11.clo
File: size11.clo 2014/09/29 v1.4h Standard LaTeX file (size option)
)
\c@part=\count80
\c@section=\count81
\c@subsection=\count82
\c@subsubsection=\count83
\c@paragraph=\count84
\c@subparagraph=\count85
\c@figure=\count86
\c@table=\count87
\abovecaptionskip=\skip41
\belowcaptionskip=\skip42
\bibindent=\dimen102
) (E:\MikTex\tex\latex\psnfss\times.sty
Package: times 2005/04/12 PSNFSS-v9.2a (SPQR) 
)
(E:\MikTex\tex\latex\amsmath\amsmath.sty
Package: amsmath 2017/09/02 v2.17a AMS math features
\@mathmargin=\skip43

For additional information on amsmath, use the `?' option.
(E:\MikTex\tex\latex\amsmath\amstext.sty
Package: amstext 2000/06/29 v2.01 AMS text

(E:\MikTex\tex\latex\amsmath\amsgen.sty
File: amsgen.sty 1999/11/30 v2.0 generic functions
\@emptytoks=\toks14
\ex@=\dimen103
))
(E:\MikTex\tex\latex\amsmath\amsbsy.sty
Package: amsbsy 1999/11/29 v1.2d Bold Symbols
\pmbraise@=\dimen104
)
(E:\MikTex\tex\latex\amsmath\amsopn.sty
Package: amsopn 2016/03/08 v2.02 operator names
)
\inf@bad=\count88
LaTeX Info: Redefining \frac on input line 213.
\uproot@=\count89
\leftroot@=\count90
LaTeX Info: Redefining \overline on input line 375.
\classnum@=\count91
\DOTSCASE@=\count92
LaTeX Info: Redefining \ldots on input line 472.
LaTeX Info: Redefining \dots on input line 475.
LaTeX Info: Redefining \cdots on input line 596.
\Mathstrutbox@=\box26
\strutbox@=\box27
\big@size=\dimen105
LaTeX Font Info:    Redeclaring font encoding OML on input line 712.
LaTeX Font Info:    Redeclaring font encoding OMS on input line 713.
\macc@depth=\count93
\c@MaxMatrixCols=\count94
\dotsspace@=\muskip10
\c@parentequation=\count95
\dspbrk@lvl=\count96
\tag@help=\toks15
\row@=\count97
\column@=\count98
\maxfields@=\count99
\andhelp@=\toks16
\eqnshift@=\dimen106
\alignsep@=\dimen107
\tagshift@=\dimen108
\tagwidth@=\dimen109
\totwidth@=\dimen110
\lineht@=\dimen111
\@envbody=\toks17
\multlinegap=\skip44
\multlinetaggap=\skip45
\mathdisplay@stack=\toks18
LaTeX Info: Redefining \[ on input line 2817.
LaTeX Info: Redefining \] on input line 2818.
)
(E:\MikTex\tex\latex\amscls\amsthm.sty
Package: amsthm 2017/10/31 v2.20.4
\thm@style=\toks19
\thm@bodyfont=\toks20
\thm@headfont=\toks21
\thm@notefont=\toks22
\thm@headpunct=\toks23
\thm@preskip=\skip46
\thm@postskip=\skip47
\thm@headsep=\skip48
\dth@everypar=\toks24
) (E:\MikTex\tex\latex\base\latexsym.sty
Package: latexsym 1998/08/17 v2.2e Standard LaTeX package (lasy symbols)
\symlasy=\mathgroup4
LaTeX Font Info:    Overwriting symbol font `lasy' in version `bold'
(Font)                  U/lasy/m/n --> U/lasy/b/n on input line 52.
) (E:\MikTex\tex\latex\preprint\fullpage.sty
Package: fullpage 1999/02/23 1.1 (PWD)
\FP@margin=\skip49
)
(E:\MikTex\tex\latex\tools\verbatim.sty
Package: verbatim 2014/10/28 v1.5q LaTeX2e package for verbatim enhancements
\every@verbatim=\toks25
\verbatim@line=\toks26
\verbatim@in@stream=\read1
)
(E:\MikTex\tex\latex\graphics\graphicx.sty
Package: graphicx 2017/06/01 v1.1a Enhanced LaTeX Graphics (DPC,SPQR)

(E:\MikTex\tex\latex\graphics\keyval.sty
Package: keyval 2014/10/28 v1.15 key=value parser (DPC)
\KV@toks@=\toks27
)
(E:\MikTex\tex\latex\graphics\graphics.sty
Package: graphics 2017/06/25 v1.2c Standard LaTeX Graphics (DPC,SPQR)

(E:\MikTex\tex\latex\graphics\trig.sty
Package: trig 2016/01/03 v1.10 sin cos tan (DPC)
)
(E:\MikTex\tex\latex\graphics-cfg\graphics.cfg
File: graphics.cfg 2016/06/04 v1.11 sample graphics configuration
)
Package graphics Info: Driver file: pdftex.def on input line 99.

(E:\MikTex\tex\latex\graphics-def\pdftex.def
File: pdftex.def 2018/01/08 v1.0l Graphics/color driver for pdftex
))
\Gin@req@height=\dimen112
\Gin@req@width=\dimen113
)
(E:\MikTex\tex\latex\subfigure\subfigure.sty
Package: subfigure 2002/07/30 v2.1.4 subfigure package
\subfigtopskip=\skip50
\subfigcapskip=\skip51
\subfigcaptopadj=\dimen114
\subfigbottomskip=\skip52
\subfigcapmargin=\dimen115
\subfiglabelskip=\skip53
\c@subfigure=\count100
\c@lofdepth=\count101
\c@subtable=\count102
\c@lotdepth=\count103

****************************************
* Local config file subfigure.cfg used *
****************************************
(E:\MikTex\tex\latex\subfigure\subfigure.cfg)
\subfig@top=\skip54
\subfig@bottom=\skip55
)
(E:\MikTex\tex\latex\hyperref\hyperref.sty
Package: hyperref 2018/02/06 v6.86b Hypertext links for LaTeX

(E:\MikTex\tex\generic\oberdiek\hobsub-hyperref.sty
Package: hobsub-hyperref 2016/05/16 v1.14 Bundle oberdiek, subset hyperref (HO)


(E:\MikTex\tex\generic\oberdiek\hobsub-generic.sty
Package: hobsub-generic 2016/05/16 v1.14 Bundle oberdiek, subset generic (HO)
Package: hobsub 2016/05/16 v1.14 Construct package bundles (HO)
Package: infwarerr 2016/05/16 v1.4 Providing info/warning/error messages (HO)
Package: ltxcmds 2016/05/16 v1.23 LaTeX kernel commands for general use (HO)
Package: ifluatex 2016/05/16 v1.4 Provides the ifluatex switch (HO)
Package ifluatex Info: LuaTeX not detected.
Package: ifvtex 2016/05/16 v1.6 Detect VTeX and its facilities (HO)
Package ifvtex Info: VTeX not detected.
Package: intcalc 2016/05/16 v1.2 Expandable calculations with integers (HO)
Package: ifpdf 2017/03/15 v3.2 Provides the ifpdf switch
Package: etexcmds 2016/05/16 v1.6 Avoid name clashes with e-TeX commands (HO)
Package etexcmds Info: Could not find \expanded.
(etexcmds)             That can mean that you are not using pdfTeX 1.50 or
(etexcmds)             that some package has redefined \expanded.
(etexcmds)             In the latter case, load this package earlier.
Package: kvsetkeys 2016/05/16 v1.17 Key value parser (HO)
Package: kvdefinekeys 2016/05/16 v1.4 Define keys (HO)
Package: pdftexcmds 2018/01/30 v0.27 Utility functions of pdfTeX for LuaTeX (HO
)
Package pdftexcmds Info: LuaTeX not detected.
Package pdftexcmds Info: \pdf@primitive is available.
Package pdftexcmds Info: \pdf@ifprimitive is available.
Package pdftexcmds Info: \pdfdraftmode found.
Package: pdfescape 2016/05/16 v1.14 Implements pdfTeX's escape features (HO)
Package: bigintcalc 2016/05/16 v1.4 Expandable calculations on big integers (HO
)
Package: bitset 2016/05/16 v1.2 Handle bit-vector datatype (HO)
Package: uniquecounter 2016/05/16 v1.3 Provide unlimited unique counter (HO)
)
Package hobsub Info: Skipping package `hobsub' (already loaded).
Package: letltxmacro 2016/05/16 v1.5 Let assignment for LaTeX macros (HO)
Package: hopatch 2016/05/16 v1.3 Wrapper for package hooks (HO)
Package: xcolor-patch 2016/05/16 xcolor patch
Package: atveryend 2016/05/16 v1.9 Hooks at the very end of document (HO)
Package atveryend Info: \enddocument detected (standard20110627).
Package: atbegshi 2016/06/09 v1.18 At begin shipout hook (HO)
Package: refcount 2016/05/16 v3.5 Data extraction from label references (HO)
Package: hycolor 2016/05/16 v1.8 Color options for hyperref/bookmark (HO)
)
(E:\MikTex\tex\generic\ifxetex\ifxetex.sty
Package: ifxetex 2010/09/12 v0.6 Provides ifxetex conditional
)
(E:\MikTex\tex\latex\oberdiek\auxhook.sty
Package: auxhook 2016/05/16 v1.4 Hooks for auxiliary files (HO)
)
(E:\MikTex\tex\latex\oberdiek\kvoptions.sty
Package: kvoptions 2016/05/16 v3.12 Key value format for package options (HO)
)
\@linkdim=\dimen116
\Hy@linkcounter=\count104
\Hy@pagecounter=\count105

(E:\MikTex\tex\latex\hyperref\pd1enc.def
File: pd1enc.def 2018/02/06 v6.86b Hyperref: PDFDocEncoding definition (HO)
Now handling font encoding PD1 ...
... no UTF-8 mapping file for font encoding PD1
)
\Hy@SavedSpaceFactor=\count106

(E:\MikTex\tex\latex\00miktex\hyperref.cfg
File: hyperref.cfg 2002/06/06 v1.2 hyperref configuration of TeXLive
)
Package hyperref Info: Option `colorlinks' set `true' on input line 4383.
Package hyperref Info: Hyper figures OFF on input line 4509.
Package hyperref Info: Link nesting OFF on input line 4514.
Package hyperref Info: Hyper index ON on input line 4517.
Package hyperref Info: Plain pages OFF on input line 4524.
Package hyperref Info: Backreferencing OFF on input line 4529.
Package hyperref Info: Implicit mode ON; LaTeX internals redefined.
Package hyperref Info: Bookmarks ON on input line 4762.
\c@Hy@tempcnt=\count107
 (E:\MikTex\tex\latex\url\url.sty
\Urlmuskip=\muskip11
Package: url 2013/09/16  ver 3.4  Verb mode for urls, etc.
)
LaTeX Info: Redefining \url on input line 5115.
\XeTeXLinkMargin=\dimen117
\Fld@menulength=\count108
\Field@Width=\dimen118
\Fld@charsize=\dimen119
Package hyperref Info: Hyper figures OFF on input line 6369.
Package hyperref Info: Link nesting OFF on input line 6374.
Package hyperref Info: Hyper index ON on input line 6377.
Package hyperref Info: backreferencing OFF on input line 6384.
Package hyperref Info: Link coloring ON on input line 6387.
Package hyperref Info: Link coloring with OCG OFF on input line 6394.
Package hyperref Info: PDF/A mode OFF on input line 6399.
LaTeX Info: Redefining \ref on input line 6439.
LaTeX Info: Redefining \pageref on input line 6443.
\Hy@abspage=\count109
\c@Item=\count110
\c@Hfootnote=\count111
)
Package hyperref Info: Driver (autodetected): hpdftex.

(E:\MikTex\tex\latex\hyperref\hpdftex.def
File: hpdftex.def 2018/02/06 v6.86b Hyperref driver for pdfTeX
\Fld@listcount=\count112
\c@bookmark@seq@number=\count113

(E:\MikTex\tex\latex\oberdiek\rerunfilecheck.sty
Package: rerunfilecheck 2016/05/16 v1.8 Rerun checks for auxiliary files (HO)
Package uniquecounter Info: New unique counter `rerunfilecheck' on input line 2
82.
)
\Hy@SectionHShift=\skip56
)
(E:\MikTex\tex\latex\algorithms\algorithm.sty
Package: algorithm 2009/08/24 v0.1 Document Style `algorithm' - floating enviro
nment

(E:\MikTex\tex\latex\float\float.sty
Package: float 2001/11/08 v1.3d Float enhancements (AL)
\c@float@type=\count114
\float@exts=\toks28
\float@box=\box28
\@float@everytoks=\toks29
\@floatcapt=\box29
) (E:\MikTex\tex\latex\base\ifthen.sty
Package: ifthen 2014/09/29 v1.1c Standard LaTeX ifthen package (DPC)
)
\@float@every@algorithm=\toks30
\c@algorithm=\count115
)
(E:\MikTex\tex\latex\algorithms\algorithmic.sty
Package: algorithmic 2009/08/24 v0.1 Document Style `algorithmic'
\c@ALC@unique=\count116
\c@ALC@line=\count117
\c@ALC@rem=\count118
\c@ALC@depth=\count119
\ALC@tlm=\skip57
\algorithmicindent=\skip58
) (report.aux

LaTeX Warning: Label `alg:Framwork' multiply defined.

)
\openout1 = `report.aux'.

LaTeX Font Info:    Checking defaults for OML/cmm/m/it on input line 31.
LaTeX Font Info:    ... okay on input line 31.
LaTeX Font Info:    Checking defaults for T1/cmr/m/n on input line 31.
LaTeX Font Info:    ... okay on input line 31.
LaTeX Font Info:    Checking defaults for OT1/cmr/m/n on input line 31.
LaTeX Font Info:    ... okay on input line 31.
LaTeX Font Info:    Checking defaults for OMS/cmsy/m/n on input line 31.
LaTeX Font Info:    ... okay on input line 31.
LaTeX Font Info:    Checking defaults for OMX/cmex/m/n on input line 31.
LaTeX Font Info:    ... okay on input line 31.
LaTeX Font Info:    Checking defaults for U/cmr/m/n on input line 31.
LaTeX Font Info:    ... okay on input line 31.
LaTeX Font Info:    Checking defaults for PD1/pdf/m/n on input line 31.
LaTeX Font Info:    ... okay on input line 31.
LaTeX Font Info:    Try loading font information for OT1+ptm on input line 31.
 (E:\MikTex\tex\latex\psnfss\ot1ptm.fd
File: ot1ptm.fd 2001/06/04 font definitions for OT1/ptm.
)
(E:\MikTex\tex\context\base\supp-pdf.mkii
[Loading MPS to PDF converter (version 2006.09.02).]
\scratchcounter=\count120
\scratchdimen=\dimen120
\scratchbox=\box30
\nofMPsegments=\count121
\nofMParguments=\count122
\everyMPshowfont=\toks31
\MPscratchCnt=\count123
\MPscratchDim=\dimen121
\MPnumerator=\count124
\makeMPintoPDFobject=\count125
\everyMPtoPDFconversion=\toks32
) (E:\MikTex\tex\latex\oberdiek\epstopdf-base.sty
Package: epstopdf-base 2016/05/15 v2.6 Base part for package epstopdf

(E:\MikTex\tex\latex\oberdiek\grfext.sty
Package: grfext 2016/05/16 v1.2 Manage graphics extensions (HO)
)
Package epstopdf-base Info: Redefining graphics rule for `.eps' on input line 4
38.
Package grfext Info: Graphics extension search list:
(grfext)             [.pdf,.png,.jpg,.mps,.jpeg,.jbig2,.jb2,.PDF,.PNG,.JPG,.JPE
G,.JBIG2,.JB2,.eps]
(grfext)             \AppendGraphicsExtensions on input line 456.
)
\AtBeginShipoutBox=\box31

(E:\MikTex\tex\latex\graphics\color.sty
Package: color 2016/07/10 v1.1e Standard LaTeX Color (DPC)

(E:\MikTex\tex\latex\graphics-cfg\color.cfg
File: color.cfg 2016/01/02 v1.6 sample color configuration
)
Package color Info: Driver file: pdftex.def on input line 147.
)
Package hyperref Info: Link coloring ON on input line 31.

(E:\MikTex\tex\latex\hyperref\nameref.sty
Package: nameref 2016/05/21 v2.44 Cross-referencing by name of section

(E:\MikTex\tex\generic\oberdiek\gettitlestring.sty
Package: gettitlestring 2016/05/16 v1.5 Cleanup title references (HO)
)
\c@section@level=\count126
)
LaTeX Info: Redefining \ref on input line 31.
LaTeX Info: Redefining \pageref on input line 31.
LaTeX Info: Redefining \nameref on input line 31.
 (report.out) (report.out)
\@outlinefile=\write3
\openout3 = `report.out'.

LaTeX Font Info:    Font shape `OT1/ptm/bx/n' in size <10.95> not available
(Font)              Font shape `OT1/ptm/b/n' tried instead on input line 87.
LaTeX Font Info:    Try loading font information for U+lasy on input line 92.

(E:\MikTex\tex\latex\base\ulasy.fd
File: ulasy.fd 1998/08/17 v2.2e LaTeX symbol font definitions
) [1

{C:/Users/polzy/AppData/Local/MiKTeX/2.9/pdftex/config/pdftex.map}]
Package hyperref Info: bookmark level for unknown algorithm defaults to 0 on in
put line 172.


LaTeX Warning: `!h' float specifier changed to `!ht'.

[2pdfTeX warning (ext4): destination with the same identifier (name{table.1}) h
as been already used, duplicate ignored

\AtBegShi@Output ...ipout \box \AtBeginShipoutBox 
                                                  \fi \fi 
l.215 \newpage
              pdfTeX warning (ext4): destination with the same identifier (name
{table.2}) has been already used, duplicate ignored

\AtBegShi@Output ...ipout \box \AtBeginShipoutBox 
                                                  \fi \fi 
l.215 \newpage
              pdfTeX warning (ext4): destination with the same identifier (name
{table.3}) has been already used, duplicate ignored

\AtBegShi@Output ...ipout \box \AtBeginShipoutBox 
                                                  \fi \fi 
l.215 \newpage
              ] [3] [4]
<dag/0.png, id=68, 339.06676pt x 192.11775pt>
File: dag/0.png Graphic file (type png)
<use dag/0.png>
Package pdftex.def Info: dag/0.png  used on input line 300.
(pdftex.def)             Requested size: 256.0748pt x 145.09344pt.
 [5pdfTeX warning (ext4): destination with the same identifier (name{figure.1})
 has been already used, duplicate ignored

\AtBegShi@Output ...ipout \box \AtBeginShipoutBox 
                                                  \fi \fi 
l.339 \end{table}
                 \par <./dag/0.png>]
<dag/source0.png, id=85, 499.8675pt x 304.13625pt>
File: dag/source0.png Graphic file (type png)
<use dag/source0.png>
Package pdftex.def Info: dag/source0.png  used on input line 347.
(pdftex.def)             Requested size: 128.0374pt x 77.89944pt.
<dag/source1.png, id=86, 494.84875pt x 296.10625pt>
File: dag/source1.png Graphic file (type png)
<use dag/source1.png>
Package pdftex.def Info: dag/source1.png  used on input line 351.
(pdftex.def)             Requested size: 128.0374pt x 76.6108pt.
<dag/source2.png, id=87, 482.80376pt x 290.08376pt>
File: dag/source2.png Graphic file (type png)
<use dag/source2.png>
Package pdftex.def Info: dag/source2.png  used on input line 355.
(pdftex.def)             Requested size: 128.0374pt x 76.92937pt.
<dag/source3.png, id=88, 469.755pt x 284.06125pt>
File: dag/source3.png Graphic file (type png)
<use dag/source3.png>
Package pdftex.def Info: dag/source3.png  used on input line 359.
(pdftex.def)             Requested size: 128.0374pt x 77.4214pt.
<dag/source4.png, id=89, 472.76625pt x 287.0725pt>
File: dag/source4.png Graphic file (type png)
<use dag/source4.png>
Package pdftex.def Info: dag/source4.png  used on input line 363.
(pdftex.def)             Requested size: 128.0374pt x 77.74715pt.
<dag/source5.png, id=90, 491.8375pt x 288.07625pt>
File: dag/source5.png Graphic file (type png)
<use dag/source5.png>
Package pdftex.def Info: dag/source5.png  used on input line 367.
(pdftex.def)             Requested size: 128.0374pt x 74.99036pt.
<CP3_440Tree/CP3_440.png, id=91, 338.26375pt x 325.215pt>
File: CP3_440Tree/CP3_440.png Graphic file (type png)
<use CP3_440Tree/CP3_440.png>
Package pdftex.def Info: CP3_440Tree/CP3_440.png  used on input line 375.
(pdftex.def)             Requested size: 142.26378pt x 136.77794pt.
pdfTeX warning (ext4): destination with the same identifier (name{equation.0.1}
) has been already used, duplicate ignored
<to be read again> 
                   \relax 
l.381 \begin{equation}
                      \nonumberpdfTeX warning (ext4): destination with the same
 identifier (name{equation.0.1}) has been already used, duplicate ignored
<to be read again> 
                   \relax 
l.381 \begin{equation}
                      \nonumberpdfTeX warning (ext4): destination with the same
 identifier (name{equation.0.1}) has been already used, duplicate ignored
<to be read again> 
                   \relax 
l.381 \begin{equation}
                      \nonumberpdfTeX warning (ext4): destination with the same
 identifier (name{equation.0.1}) has been already used, duplicate ignored
<to be read again> 
                   \relax 
l.381 \begin{equation}
                      \nonumber
<CP3_440Tree/CP3_440Tree0start.png, id=93, 357.335pt x 325.215pt>
File: CP3_440Tree/CP3_440Tree0start.png Graphic file (type png)
<use CP3_440Tree/CP3_440Tree0start.png>
Package pdftex.def Info: CP3_440Tree/CP3_440Tree0start.png  used on input line 
423.
(pdftex.def)             Requested size: 113.81102pt x 103.57965pt.
<CP3_440Tree/CP3_440Tree1start.png, id=94, 331.2375pt x 331.2375pt>
File: CP3_440Tree/CP3_440Tree1start.png Graphic file (type png)
<use CP3_440Tree/CP3_440Tree1start.png>
Package pdftex.def Info: CP3_440Tree/CP3_440Tree1start.png  used on input line 
427.
(pdftex.def)             Requested size: 113.81102pt x 113.807pt.
<CP3_440Tree/CP3_440Tree2start.png, id=95, 328.22626pt x 318.18875pt>
File: CP3_440Tree/CP3_440Tree2start.png Graphic file (type png)
<use CP3_440Tree/CP3_440Tree2start.png>
Package pdftex.def Info: CP3_440Tree/CP3_440Tree2start.png  used on input line 
431.
(pdftex.def)             Requested size: 113.81102pt x 110.32872pt.
<CP3_440Tree/CP3_440Tree3start.png, id=96, 317.185pt x 305.14pt>
File: CP3_440Tree/CP3_440Tree3start.png Graphic file (type png)
<use CP3_440Tree/CP3_440Tree3start.png>
Package pdftex.def Info: CP3_440Tree/CP3_440Tree3start.png  used on input line 
435.
(pdftex.def)             Requested size: 113.81102pt x 109.48714pt.
<CP3_440Tree/CP3_440Tree4start.png, id=97, 337.26pt x 296.10625pt>
File: CP3_440Tree/CP3_440Tree4start.png Graphic file (type png)
<use CP3_440Tree/CP3_440Tree4start.png>
Package pdftex.def Info: CP3_440Tree/CP3_440Tree4start.png  used on input line 
439.
(pdftex.def)             Requested size: 113.81102pt x 99.92024pt.
<CP3_440Tree/CP3_440Tree5start.png, id=98, 304.13625pt x 297.11pt>
File: CP3_440Tree/CP3_440Tree5start.png Graphic file (type png)
<use CP3_440Tree/CP3_440Tree5start.png>
Package pdftex.def Info: CP3_440Tree/CP3_440Tree5start.png  used on input line 
443.
(pdftex.def)             Requested size: 113.81102pt x 111.18022pt.
 [6pdfTeX warning (ext4): destination with the same identifier (name{table.4}) 
has been already used, duplicate ignored

\AtBegShi@Output ...ipout \box \AtBeginShipoutBox 
                                                  \fi \fi 
l.447 \clearpage
                pdfTeX warning (ext4): destination with the same identifier (na
me{figure.2}) has been already used, duplicate ignored

\AtBegShi@Output ...ipout \box \AtBeginShipoutBox 
                                                  \fi \fi 
l.447 \clearpage
                 <./dag/source0.png> <./dag/source1.png> <./dag/source2.png> <.
/dag/source3.png> <./dag/source4.png> <./dag/source5.png>] [7pdfTeX warning (ex
t4): destination with the same identifier (name{figure.3}) has been already use
d, duplicate ignored

\AtBegShi@Output ...ipout \box \AtBeginShipoutBox 
                                                  \fi \fi 
l.447 \clearpage
                pdfTeX warning (ext4): destination with the same identifier (na
me{table.5}) has been already used, duplicate ignored

\AtBegShi@Output ...ipout \box \AtBeginShipoutBox 
                                                  \fi \fi 
l.447 \clearpage
                pdfTeX warning (ext4): destination with the same identifier (na
me{figure.4}) has been already used, duplicate ignored

\AtBegShi@Output ...ipout \box \AtBeginShipoutBox 
                                                  \fi \fi 
l.447 \clearpage
                 <./CP3_440Tree/CP3_440.png> <./CP3_440Tree/CP3_440Tree0start.p
ng> <./CP3_440Tree/CP3_440Tree1start.png> <./CP3_440Tree/CP3_440Tree2start.png>
 <./CP3_440Tree/CP3_440Tree3start.png> <./CP3_440Tree/CP3_440Tree4start.png> <.
/CP3_440Tree/CP3_440Tree5start.png>]
<zero_weight/-1.png, id=138, 235.47975pt x 232.4685pt>
File: zero_weight/-1.png Graphic file (type png)
<use zero_weight/-1.png>
Package pdftex.def Info: zero_weight/-1.png  used on input line 457.
(pdftex.def)             Requested size: 113.81102pt x 112.35335pt.
<zero_weight/2.png, id=139, 266.79675pt x 244.5135pt>
File: zero_weight/2.png Graphic file (type png)
<use zero_weight/2.png>
Package pdftex.def Info: zero_weight/2.png  used on input line 461.
(pdftex.def)             Requested size: 113.81102pt x 104.30673pt.
<negativeEdge/negativeEdge.png, id=140, 315.1775pt x 208.78pt>
File: negativeEdge/negativeEdge.png Graphic file (type png)
<use negativeEdge/negativeEdge.png>
Package pdftex.def Info: negativeEdge/negativeEdge.png  used on input line 483.

(pdftex.def)             Requested size: 113.81102pt x 75.3901pt.
<negativeCycle/negativeCycle.png, id=141, 299.1175pt x 192.72pt>
File: negativeCycle/negativeCycle.png Graphic file (type png)
<use negativeCycle/negativeCycle.png>
Package pdftex.def Info: negativeCycle/negativeCycle.png  used on input line 48
7.
(pdftex.def)             Requested size: 113.81102pt x 73.32845pt.
<negativeEdge/negativeEdge0start.png, id=142, 319.1925pt x 214.8025pt>
File: negativeEdge/negativeEdge0start.png Graphic file (type png)
<use negativeEdge/negativeEdge0start.png>
Package pdftex.def Info: negativeEdge/negativeEdge0start.png  used on input lin
e 497.
(pdftex.def)             Requested size: 113.81102pt x 76.58809pt.
<negativeEdge/negativeEdge1start.png, id=143, 269.005pt x 184.69pt>
File: negativeEdge/negativeEdge1start.png Graphic file (type png)
<use negativeEdge/negativeEdge1start.png>
Package pdftex.def Info: negativeEdge/negativeEdge1start.png  used on input lin
e 501.
(pdftex.def)             Requested size: 113.81102pt x 78.13852pt.
<negativeEdge/negativeEdge2start.png, id=144, 296.10625pt x 217.81375pt>
File: negativeEdge/negativeEdge2start.png Graphic file (type png)
<use negativeEdge/negativeEdge2start.png>
Package pdftex.def Info: negativeEdge/negativeEdge2start.png  used on input lin
e 505.
(pdftex.def)             Requested size: 113.81102pt x 83.71729pt.
 [8

pdfTeX warning (ext4): destination with the same identifier (name{figure.5}) ha
s been already used, duplicate ignored

\AtBegShi@Output ...ipout \box \AtBeginShipoutBox 
                                                  \fi \fi 
l.516 \rule{5in}{.1pt}\par
                          pdfTeX warning (ext4): destination with the same iden
tifier (name{figure.6}) has been already used, duplicate ignored

\AtBegShi@Output ...ipout \box \AtBeginShipoutBox 
                                                  \fi \fi 
l.516 \rule{5in}{.1pt}\par
                           <./zero_weight/-1.png> <./zero_weight/2.png> <./nega
tiveEdge/negativeEdge.png> <./negativeCycle/negativeCycle.png>] [9pdfTeX warnin
g (ext4): destination with the same identifier (name{figure.7}) has been alread
y used, duplicate ignored

\AtBegShi@Output ...ipout \box \AtBeginShipoutBox 
                                                  \fi \fi 
l.540 \rule{6in}{.1pt}
                             % horizontal line 6 inches long and .1 point high 
<./negativeEdge/negativeEdge0start.png> <./negativeEdge/negativeEdge1start.png>
 <./negativeEdge/negativeEdge2start.png>] [10]
Package atveryend Info: Empty hook `BeforeClearDocument' on input line 569.
 [11]
Package atveryend Info: Empty hook `AfterLastShipout' on input line 569.
 (report.aux)
Package atveryend Info: Executing hook `AtVeryEndDocument' on input line 569.
Package atveryend Info: Executing hook `AtEndAfterFileList' on input line 569.
Package rerunfilecheck Info: File `report.out' has not changed.
(rerunfilecheck)             Checksum: D41D8CD98F00B204E9800998ECF8427E;0.


LaTeX Warning: There were multiply-defined labels.

Package atveryend Info: Empty hook `AtVeryVeryEnd' on input line 569.
 ) 
Here is how much of TeX's memory you used:
 6411 strings out of 492973
 91557 string characters out of 3143880
 194312 words of memory out of 3000000
 10090 multiletter control sequences out of 15000+200000
 14766 words of font info for 39 fonts, out of 3000000 for 9000
 1141 hyphenation exceptions out of 8191
 28i,10n,28p,1555b,584s stack positions out of 5000i,500n,10000p,200000b,50000s
{E:/MikTex/fonts/enc/dvips/base/8r.enc}<E:/MikTex/fonts/type1/public/amsfonts
/cm/cmex10.pfb><E:/MikTex/fonts/type1/public/amsfonts/cm/cmmi10.pfb><E:/MikTex/
fonts/type1/public/amsfonts/cm/cmmi8.pfb><E:/MikTex/fonts/type1/public/amsfonts
/cm/cmr10.pfb><E:/MikTex/fonts/type1/public/amsfonts/cm/cmr6.pfb><E:/MikTex/fon
ts/type1/public/amsfonts/cm/cmsy10.pfb><E:/MikTex/fonts/type1/public/amsfonts/c
m/cmsy8.pfb><E:/MikTex/fonts/type1/urw/times/utmb8a.pfb><E:/MikTex/fonts/type1/
urw/times/utmr8a.pfb>
Output written on report.pdf (11 pages, 341408 bytes).
PDF statistics:
 231 PDF objects out of 1000 (max. 8388607)
 89 named destinations out of 1000 (max. 500000)
 106 words of extra memory for PDF output out of 10000 (max. 10000000)

